# JRE version: OpenJDK Runtime Environment (11.0.7+10) (build 11.0.7+10)
# Java VM: OpenJDK 64-Bit Server VM (11.0.7+10, mixed mode, tiered, compressed oops, g1 gc, windows-amd64)
Heap:
 garbage-first heap   total 630784K, used 281497K [0x0000000580000000, 0x0000000800000000)
  region size 2048K, 18 young (36864K), 2 survivors (4096K)
 Metaspace       used 101554K, capacity 106857K, committed 107672K, reserved 1142784K
  class space    used 11289K, capacity 13236K, committed 13568K, reserved 1048576K
GC Heap History (20 events):
Event: 839.418 GC heap before
{Heap before GC invocations=48 (full 0):
 garbage-first heap   total 630784K, used 537601K [0x0000000580000000, 0x0000000800000000)
  region size 2048K, 154 young (315392K), 9 survivors (18432K)
 Metaspace       used 101333K, capacity 106642K, committed 107416K, reserved 1142784K
  class space    used 11279K, capacity 13235K, committed 13568K, reserved 1048576K
}
Event: 839.422 GC heap after
{Heap after GC invocations=49 (full 0):
 garbage-first heap   total 630784K, used 249129K [0x0000000580000000, 0x0000000800000000)
  region size 2048K, 13 young (26624K), 13 survivors (26624K)
 Metaspace       used 101333K, capacity 106642K, committed 107416K, reserved 1142784K
  class space    used 11279K, capacity 13235K, committed 13568K, reserved 1048576K
}
Event: 873.361 GC heap before
{Heap before GC invocations=49 (full 0):
 garbage-first heap   total 630784K, used 521513K [0x0000000580000000, 0x0000000800000000)
  region size 2048K, 146 young (299008K), 13 survivors (26624K)
 Metaspace       used 101351K, capacity 106644K, committed 107416K, reserved 1142784K
  class space    used 11280K, capacity 13235K, committed 13568K, reserved 1048576K
}
Event: 873.368 GC heap after
{Heap after GC invocations=50 (full 0):
 garbage-first heap   total 630784K, used 251819K [0x0000000580000000, 0x0000000800000000)
  region size 2048K, 2 young (4096K), 2 survivors (4096K)
 Metaspace       used 101351K, capacity 106644K, committed 107416K, reserved 1142784K
  class space    used 11280K, capacity 13235K, committed 13568K, reserved 1048576K
}
Event: 907.314 GC heap before
{Heap before GC invocations=50 (full 0):
 garbage-first heap   total 630784K, used 532395K [0x0000000580000000, 0x0000000800000000)
  region size 2048K, 139 young (284672K), 2 survivors (4096K)
 Metaspace       used 101367K, capacity 106648K, committed 107416K, reserved 1142784K
  class space    used 11280K, capacity 13235K, committed 13568K, reserved 1048576K
}
Event: 907.316 GC heap after
{Heap after GC invocations=51 (full 0):
 garbage-first heap   total 630784K, used 249330K [0x0000000580000000, 0x0000000800000000)
  region size 2048K, 1 young (2048K), 1 survivors (2048K)
 Metaspace       used 101367K, capacity 106648K, committed 107416K, reserved 1142784K
  class space    used 11280K, capacity 13235K, committed 13568K, reserved 1048576K
}
Event: 942.400 GC heap before
{Heap before GC invocations=51 (full 0):
 garbage-first heap   total 630784K, used 540146K [0x0000000580000000, 0x0000000800000000)
  region size 2048K, 143 young (292864K), 1 survivors (2048K)
 Metaspace       used 101413K, capacity 106713K, committed 107672K, reserved 1142784K
  class space    used 11281K, capacity 13235K, committed 13568K, reserved 1048576K
}
Event: 942.402 GC heap after
{Heap after GC invocations=52 (full 0):
 garbage-first heap   total 630784K, used 249150K [0x0000000580000000, 0x0000000800000000)
  region size 2048K, 1 young (2048K), 1 survivors (2048K)
 Metaspace       used 101413K, capacity 106713K, committed 107672K, reserved 1142784K
  class space    used 11281K, capacity 13235K, committed 13568K, reserved 1048576K
}
Event: 974.321 GC heap before
{Heap before GC invocations=52 (full 0):
 garbage-first heap   total 630784K, used 542014K [0x0000000580000000, 0x0000000800000000)
  region size 2048K, 144 young (294912K), 1 survivors (2048K)
 Metaspace       used 101430K, capacity 106783K, committed 107672K, reserved 1142784K
  class space    used 11281K, capacity 13235K, committed 13568K, reserved 1048576K
}
Event: 974.323 GC heap after
{Heap after GC invocations=53 (full 0):
 garbage-first heap   total 630784K, used 249305K [0x0000000580000000, 0x0000000800000000)
  region size 2048K, 1 young (2048K), 1 survivors (2048K)
 Metaspace       used 101430K, capacity 106783K, committed 107672K, reserved 1142784K
  class space    used 11281K, capacity 13235K, committed 13568K, reserved 1048576K
}
Event: 1004.469 GC heap before
{Heap before GC invocations=53 (full 0):
 garbage-first heap   total 630784K, used 546265K [0x0000000580000000, 0x0000000800000000)
  region size 2048K, 146 young (299008K), 1 survivors (2048K)
 Metaspace       used 101505K, capacity 106790K, committed 107672K, reserved 1142784K
  class space    used 11287K, capacity 13236K, committed 13568K, reserved 1048576K
}
Event: 1004.471 GC heap after
{Heap after GC invocations=54 (full 0):
 garbage-first heap   total 630784K, used 249643K [0x0000000580000000, 0x0000000800000000)
  region size 2048K, 1 young (2048K), 1 survivors (2048K)
 Metaspace       used 101505K, capacity 106790K, committed 107672K, reserved 1142784K
  class space    used 11287K, capacity 13236K, committed 13568K, reserved 1048576K
}
Event: 1041.384 GC heap before
{Heap before GC invocations=54 (full 0):
 garbage-first heap   total 630784K, used 546603K [0x0000000580000000, 0x0000000800000000)
  region size 2048K, 146 young (299008K), 1 survivors (2048K)
 Metaspace       used 101543K, capacity 106857K, committed 107672K, reserved 1142784K
  class space    used 11288K, capacity 13236K, committed 13568K, reserved 1048576K
}
Event: 1041.386 GC heap after
{Heap after GC invocations=55 (full 0):
 garbage-first heap   total 630784K, used 249873K [0x0000000580000000, 0x0000000800000000)
  region size 2048K, 2 young (4096K), 2 survivors (4096K)
 Metaspace       used 101543K, capacity 106857K, committed 107672K, reserved 1142784K
  class space    used 11288K, capacity 13236K, committed 13568K, reserved 1048576K
}
Event: 1079.657 GC heap before
{Heap before GC invocations=55 (full 0):
 garbage-first heap   total 630784K, used 546833K [0x0000000580000000, 0x0000000800000000)
  region size 2048K, 147 young (301056K), 2 survivors (4096K)
 Metaspace       used 101545K, capacity 106857K, committed 107672K, reserved 1142784K
  class space    used 11288K, capacity 13236K, committed 13568K, reserved 1048576K
}
Event: 1079.658 GC heap after
{Heap after GC invocations=56 (full 0):
 garbage-first heap   total 630784K, used 249924K [0x0000000580000000, 0x0000000800000000)
  region size 2048K, 2 young (4096K), 2 survivors (4096K)
 Metaspace       used 101545K, capacity 106857K, committed 107672K, reserved 1142784K
  class space    used 11288K, capacity 13236K, committed 13568K, reserved 1048576K
}
Event: 1113.901 GC heap before
{Heap before GC invocations=56 (full 0):
 garbage-first heap   total 630784K, used 548932K [0x0000000580000000, 0x0000000800000000)
  region size 2048K, 148 young (303104K), 2 survivors (4096K)
 Metaspace       used 101546K, capacity 106857K, committed 107672K, reserved 1142784K
  class space    used 11289K, capacity 13236K, committed 13568K, reserved 1048576K
}
Event: 1113.903 GC heap after
{Heap after GC invocations=57 (full 0):
 garbage-first heap   total 630784K, used 249937K [0x0000000580000000, 0x0000000800000000)
  region size 2048K, 2 young (4096K), 2 survivors (4096K)
 Metaspace       used 101546K, capacity 106857K, committed 107672K, reserved 1142784K
  class space    used 11289K, capacity 13236K, committed 13568K, reserved 1048576K
}
Event: 1147.211 GC heap before
{Heap before GC invocations=57 (full 0):
 garbage-first heap   total 630784K, used 550993K [0x0000000580000000, 0x0000000800000000)
  region size 2048K, 149 young (305152K), 2 survivors (4096K)
 Metaspace       used 101552K, capacity 106857K, committed 107672K, reserved 1142784K
  class space    used 11289K, capacity 13236K, committed 13568K, reserved 1048576K
}
Event: 1147.213 GC heap after
{Heap after GC invocations=58 (full 0):
 garbage-first heap   total 630784K, used 250777K [0x0000000580000000, 0x0000000800000000)
  region size 2048K, 2 young (4096K), 2 survivors (4096K)
 Metaspace       used 101552K, capacity 106857K, committed 107672K, reserved 1142784K
  class space    used 11289K, capacity 13236K, committed 13568K, reserved 1048576K
}

